Starting job 625448 on c6-5 at Wed Apr 22 01:18:46 CEST 2020

The following modules were not unloaded:
  (Use "module --force purge" to unload all):

  1) StdEnv
1
60.8231 7.27596


Create SCRIP grid and mapping files for a single-point
Create land SCRIP gridfile
Execute: env S_LAT=60.8181 W_LON=7.27096 N_LAT=60.8281 E_LON=7.28096 NX=1 NY=1 PTNAME=ALP2 GITDES=release-clm5.0.32-20-ga378f81/cluster/home/huit/ctsm/tools/mkmapdata   GRIDFILE=/cluster/home/huit/ctsm/tools/mkmapgrids/SCRIPgrid_ALP2_nomask_c200422.nc ncl /cluster/home/huit/ctsm/tools/mkmapdata/../mkmapgrids/mkscripgrid.ncl
 Copyright (C) 1995-2019 - All Rights Reserved
 University Corporation for Atmospheric Research
 NCAR Command Language Version 6.6.2
 The use of this software is governed by a License Agreement.
 See http://www.ncl.ucar.edu/ for more details.
Create ocean SCRIP gridfile
Execute: env S_LAT=60.8181 W_LON=7.27096 N_LAT=60.8281 E_LON=7.28096 NX=1 NY=1 PTNAME=ALP2 GITDES=release-clm5.0.32-20-ga378f81/cluster/home/huit/ctsm/tools/mkmapdata   GRIDFILE=/cluster/home/huit/ctsm/tools/mkmapgrids/SCRIPgrid_ALP2_noocean_c200422.nc IMASK=0 ncl /cluster/home/huit/ctsm/tools/mkmapdata/../mkmapgrids/mkscripgrid.ncl
 Copyright (C) 1995-2019 - All Rights Reserved
 University Corporation for Atmospheric Research
 NCAR Command Language Version 6.6.2
 The use of this software is governed by a License Agreement.
 See http://www.ncl.ucar.edu/ for more details.
Create unity mapping file between the two gridfile
Execute: env GRIDFILE1=/cluster/home/huit/ctsm/tools/mkmapgrids/SCRIPgrid_ALP2_noocean_c200422.nc GRIDFILE2=/cluster/home/huit/ctsm/tools/mkmapgrids/SCRIPgrid_ALP2_nomask_c200422.nc MAPFILE=/cluster/home/huit/ctsm/tools/mkmapgrids/map_ALP2_noocean_to_ALP2_nomask_aave_da_200422.nc GITDES=release-clm5.0.32-20-ga378f81/cluster/home/huit/ctsm/tools/mkmapdata  ncl /cluster/home/huit/ctsm/tools/mkmapdata/mkunitymap.ncl
 Copyright (C) 1995-2019 - All Rights Reserved
 University Corporation for Atmospheric Research
 NCAR Command Language Version 6.6.2
 The use of this software is governed by a License Agreement.
 See http://www.ncl.ucar.edu/ for more details.


Successfully created grid/mapping files for single-point
The following modules were not unloaded:
  (Use "module --force purge" to unload all):

  1) StdEnv
 fmap   = 
 /cluster/shared/noresm/inputdata/share/scripgrids/fates_platform/ALP2/map_ALP2_
 noocean_to_ALP2_nomask_aave_da_200422.nc
 fn1_out_ocn= domain.ocn.ALP2.200422.nc
 fn2_out_lnd= domain.lnd.ALP2_ALP2.200422.nc
 fn2_out_ocn= domain.ocn.ALP2_ALP2.200422.nc
 usercomment= null
 eps    =   9.999999960041972E-013
 fminval=   1.000000047497451E-003
 fmaxval=    1.00000000000000     
 set_fv_pole_yc =            0
  
 input SCRIP data...
 pole_fix =  F
  
 input file  = 
 /cluster/shared/noresm/inputdata/share/scripgrids/fates_platform/ALP2/map_ALP2_
 noocean_to_ALP2_nomask_aave_da_200422.nc
 netcdf error with rcode =            2  error = 
 No such file or directory                                                      
  
abort: 
mv: cannot stat 'domain.lnd.ALP2_ALP2.200422.nc': No such file or directory
mv: cannot stat 'domain*.nc': No such file or directory
The following modules were not unloaded:
  (Use "module --force purge" to unload all):

  1) StdEnv
./regridbatch.sh: line 17: /cluster/bin/jobsetup: No such file or directory
Run with standard options
Create mapping files for this list of resolutions: 1x1_ALP2
Create mapping files for: 1x1_ALP2
./regridbatch.sh: line 93: [: too many arguments
regional
regional
args: -r 1x1_ALP2 -f /cluster/shared/noresm/inputdata/share/scripgrids/fates_platform/ALP2/SCRIPgrid_ALP2_nomask_c200422.nc   -t regional
time env REGRID_PROC=1 ./mkmapdata.sh -r 1x1_ALP2 -f /cluster/shared/noresm/inputdata/share/scripgrids/fates_platform/ALP2/SCRIPgrid_ALP2_nomask_c200422.nc   -t regional\n
./mkmapdata.sh
Script to create mapping files required by mksurfdata_map
query command is ./../../bld/queryDefaultNamelist.pl -silent -namelist clmexp  -justvalue -options sim_year=2000 -csmdata /cluster/shared/noresm/inputdata

Using user specified scrip grid file: /cluster/shared/noresm/inputdata/share/scripgrids/fates_platform/ALP2/SCRIPgrid_ALP2_nomask_c200422.nc
Output grid resolution is 1x1_ALP2
Hostname = c6-5
Machine c6-5 NOT recognized
Creating mapping file: map_0.5x0.5_AVHRR_to_1x1_ALP2_nomask_aave_da_c200422.nc
From input grid: /cluster/shared/noresm/inputdata/lnd/clm2/mappingdata/grids/SCRIPgrid_0.5x0.5_AVHRR_c110228.nc
For output grid: /cluster/shared/noresm/inputdata/share/scripgrids/fates_platform/ALP2/SCRIPgrid_ALP2_nomask_c200422.nc
 
 
 WARNING: deprecated switch -src_type will be ignored.  The file type will be de
 tected automatically
 
 WARNING: deprecated switch -dst_type will be ignored.  The file type will be de
 tected automatically
 Starting weight generation with these inputs: 
   Source File: 
 /cluster/shared/noresm/inputdata/lnd/clm2/mappingdata/grids/SCRIPgrid_0.5x0.5_A
 VHRR_c110228.nc
   Destination File: 
 /cluster/shared/noresm/inputdata/share/scripgrids/fates_platform/ALP2/SCRIPgrid
 _ALP2_nomask_c200422.nc
   Weight File: map_0.5x0.5_AVHRR_to_1x1_ALP2_nomask_aave_da_c200422.nc
   Source File is in SCRIP format
   Source Grid is a global grid
   Source Grid is a logically rectangular grid
   Use the center coordinates of the source grid to do the regrid
   Destination File is in SCRIP format
   Destination Grid is a regional grid
   Destination Grid is a logically rectangular grid
   Use the center coordinates of the destination grid to do the regrid
   Regrid Method: conserve
   Pole option: NONE
   Ignore unmapped destination points
   Line Type: greatcircle
   Norm Type: dstarea
   Extrap. Method: none
 
 Completed weight generation successfully.
 
 Copyright (C) 1995-2019 - All Rights Reserved
 University Corporation for Atmospheric Research
 NCAR Command Language Version 6.6.2
 The use of this software is governed by a License Agreement.
 See http://www.ncl.ucar.edu/ for more details.
(0)	map file: map_0.5x0.5_AVHRR_to_1x1_ALP2_nomask_aave_da_c200422.nc
(0)	n_s = 1 max(row)=1 max(col)=217095
(0)	checking for dups, sorting...
(0)	zeroing out any dups...
(0)	No duplicate weights to remove from mapping file
Creating mapping file: map_0.25x0.25_MODIS_to_1x1_ALP2_nomask_aave_da_c200422.nc
From input grid: /cluster/shared/noresm/inputdata/lnd/clm2/mappingdata/grids/SCRIPgrid_0.25x0.25_MODIS_c170321.nc
For output grid: /cluster/shared/noresm/inputdata/share/scripgrids/fates_platform/ALP2/SCRIPgrid_ALP2_nomask_c200422.nc
 
 
 WARNING: deprecated switch -src_type will be ignored.  The file type will be de
 tected automatically
 
 WARNING: deprecated switch -dst_type will be ignored.  The file type will be de
 tected automatically
 Starting weight generation with these inputs: 
   Source File: 
 /cluster/shared/noresm/inputdata/lnd/clm2/mappingdata/grids/SCRIPgrid_0.25x0.25
 _MODIS_c170321.nc
   Destination File: 
 /cluster/shared/noresm/inputdata/share/scripgrids/fates_platform/ALP2/SCRIPgrid
 _ALP2_nomask_c200422.nc
   Weight File: map_0.25x0.25_MODIS_to_1x1_ALP2_nomask_aave_da_c200422.nc
   Source File is in SCRIP format
   Source Grid is a global grid
   Source Grid is a logically rectangular grid
   Use the center coordinates of the source grid to do the regrid
   Destination File is in SCRIP format
   Destination Grid is a regional grid
   Destination Grid is a logically rectangular grid
   Use the center coordinates of the destination grid to do the regrid
   Regrid Method: conserve
   Pole option: NONE
   Ignore unmapped destination points
   Line Type: greatcircle
   Norm Type: dstarea
   Extrap. Method: none
 
 Completed weight generation successfully.
 
 Copyright (C) 1995-2019 - All Rights Reserved
 University Corporation for Atmospheric Research
 NCAR Command Language Version 6.6.2
 The use of this software is governed by a License Agreement.
 See http://www.ncl.ucar.edu/ for more details.
(0)	map file: map_0.25x0.25_MODIS_to_1x1_ALP2_nomask_aave_da_c200422.nc
(0)	n_s = 1 max(row)=1 max(col)=869070
(0)	checking for dups, sorting...
(0)	zeroing out any dups...
(0)	No duplicate weights to remove from mapping file
Creating mapping file: map_0.5x0.5_MODIS_to_1x1_ALP2_nomask_aave_da_c200422.nc
From input grid: /cluster/shared/noresm/inputdata/lnd/clm2/mappingdata/grids/SCRIPgrid_0.5x0.5_MODIS_c110228.nc
For output grid: /cluster/shared/noresm/inputdata/share/scripgrids/fates_platform/ALP2/SCRIPgrid_ALP2_nomask_c200422.nc
 
 
 WARNING: deprecated switch -src_type will be ignored.  The file type will be de
 tected automatically
 
 WARNING: deprecated switch -dst_type will be ignored.  The file type will be de
 tected automatically
 Starting weight generation with these inputs: 
   Source File: 
 /cluster/shared/noresm/inputdata/lnd/clm2/mappingdata/grids/SCRIPgrid_0.5x0.5_M
 ODIS_c110228.nc
   Destination File: 
 /cluster/shared/noresm/inputdata/share/scripgrids/fates_platform/ALP2/SCRIPgrid
 _ALP2_nomask_c200422.nc
   Weight File: map_0.5x0.5_MODIS_to_1x1_ALP2_nomask_aave_da_c200422.nc
   Source File is in SCRIP format
   Source Grid is a global grid
   Source Grid is a logically rectangular grid
   Use the center coordinates of the source grid to do the regrid
   Destination File is in SCRIP format
   Destination Grid is a regional grid
   Destination Grid is a logically rectangular grid
   Use the center coordinates of the destination grid to do the regrid
   Regrid Method: conserve
   Pole option: NONE
   Ignore unmapped destination points
   Line Type: greatcircle
   Norm Type: dstarea
   Extrap. Method: none
 
 Completed weight generation successfully.
 
 Copyright (C) 1995-2019 - All Rights Reserved
 University Corporation for Atmospheric Research
 NCAR Command Language Version 6.6.2
 The use of this software is governed by a License Agreement.
 See http://www.ncl.ucar.edu/ for more details.
(0)	map file: map_0.5x0.5_MODIS_to_1x1_ALP2_nomask_aave_da_c200422.nc
(0)	n_s = 1 max(row)=1 max(col)=217095
(0)	checking for dups, sorting...
(0)	zeroing out any dups...
(0)	No duplicate weights to remove from mapping file
Creating mapping file: map_3x3min_LandScan2004_to_1x1_ALP2_nomask_aave_da_c200422.nc
From input grid: /cluster/shared/noresm/inputdata/lnd/clm2/mappingdata/grids/SCRIPgrid_3minx3min_LandScan2004_c120517.nc
For output grid: /cluster/shared/noresm/inputdata/share/scripgrids/fates_platform/ALP2/SCRIPgrid_ALP2_nomask_c200422.nc
 
 
 WARNING: deprecated switch -src_type will be ignored.  The file type will be de
 tected automatically
 
 WARNING: deprecated switch -dst_type will be ignored.  The file type will be de
 tected automatically
 Starting weight generation with these inputs: 
   Source File: 
 /cluster/shared/noresm/inputdata/lnd/clm2/mappingdata/grids/SCRIPgrid_3minx3min
 _LandScan2004_c120517.nc
   Destination File: 
 /cluster/shared/noresm/inputdata/share/scripgrids/fates_platform/ALP2/SCRIPgrid
 _ALP2_nomask_c200422.nc
   Weight File: map_3x3min_LandScan2004_to_1x1_ALP2_nomask_aave_da_c200422.nc
   Source File is in SCRIP format
   Source Grid is a global grid
   Source Grid is a logically rectangular grid
   Use the center coordinates of the source grid to do the regrid
   Destination File is in SCRIP format
   Destination Grid is a regional grid
   Destination Grid is a logically rectangular grid
   Use the center coordinates of the destination grid to do the regrid
   Regrid Method: conserve
   Pole option: NONE
   Ignore unmapped destination points
   Output weight file in 64bit offset NetCDF file format
   Line Type: greatcircle
   Norm Type: dstarea
   Extrap. Method: none
 
slurmstepd: error: *** JOB 625448 ON c6-5 CANCELLED AT 2020-04-22T01:23:14 ***

Task and CPU usage stats:
       JobID    JobName  AllocCPUS   NTasks     MinCPU MinCPUTask     AveCPU    Elapsed ExitCode 
------------ ---------- ---------- -------- ---------- ---------- ---------- ---------- -------- 
625448        mkmapdata          1                                             00:04:28      0:0 
625448.batch      batch          1        1   00:03:04          0   00:03:04   00:04:30     0:15 
625448.exte+     extern          1        1   00:00:00          0   00:00:00   00:04:29      0:0 

Memory usage stats:
       JobID     MaxRSS MaxRSSTask     AveRSS MaxPages   MaxPagesTask   AvePages 
------------ ---------- ---------- ---------- -------- -------------- ---------- 
625448                                                                           
625448.batch  15911876K          0  15911876K     4654              0       4654 
625448.exte+          0          0          0        0              0          0 

Disk usage stats:
       JobID  MaxDiskRead MaxDiskReadTask    AveDiskRead MaxDiskWrite MaxDiskWriteTask   AveDiskWrite 
------------ ------------ --------------- -------------- ------------ ---------------- -------------- 
625448                                                                                                
625448.batch       26.31M               0         26.31M        0.19M                0          0.19M 
625448.exte+        0.00M               0          0.00M            0                0              0 

Job 625448 completed at Wed Apr 22 01:23:17 CEST 2020
